SF:lib\src\core\common_feature\data\entities\api_response_model.dart
DA:4,2
DA:20,0
DA:21,0
DA:22,0
DA:23,0
DA:24,0
DA:25,0
DA:26,0
DA:27,0
DA:31,1
DA:36,0
DA:39,0
DA:40,0
DA:41,0
DA:42,0
DA:43,0
DA:44,0
DA:45,0
DA:46,0
DA:47,0
LF:20
LH:2
end_of_record
SF:lib\src\features\ny_times_stories\data\entities\story_model.dart
DA:8,2
DA:50,0
DA:52,0
DA:54,0
DA:55,0
DA:58,1
DA:63,3
DA:66,1
DA:67,3
LF:9
LH:5
end_of_record
SF:lib\src\features\ny_times_stories\data\entities\story_model.g.dart
DA:9,0
DA:10,0
DA:11,0
DA:12,0
DA:13,0
DA:14,0
DA:15,0
DA:16,0
DA:17,0
DA:18,0
DA:19,0
DA:20,0
DA:21,0
DA:22,0
DA:23,0
DA:24,0
DA:25,0
DA:26,0
DA:27,0
DA:28,0
DA:29,0
DA:30,0
DA:31,0
DA:32,0
DA:33,0
DA:34,0
DA:35,0
DA:36,0
DA:37,0
DA:38,0
DA:41,0
DA:42,0
DA:43,0
DA:44,0
DA:45,0
DA:46,0
DA:47,0
DA:48,0
DA:49,0
DA:50,0
DA:51,0
DA:52,0
DA:53,0
DA:54,0
DA:55,0
DA:56,0
DA:57,0
DA:58,0
DA:59,0
DA:60,0
DA:61,0
LF:51
LH:0
end_of_record
SF:lib\src\core\network\error\exceptions.dart
DA:6,1
DA:8,1
DA:13,3
DA:16,1
DA:17,6
DA:29,0
LF:6
LH:5
end_of_record
SF:lib\src\core\network\rest_client.g.dart
DA:12,0
DA:16,0
DA:23,0
DA:26,0
DA:27,0
DA:29,0
DA:30,0
DA:35,0
DA:36,0
DA:37,0
DA:41,0
DA:42,0
DA:46,0
DA:47,0
DA:48,0
DA:49,0
DA:50,0
DA:51,0
DA:53,0
LF:19
LH:0
end_of_record
SF:lib\src\features\ny_times_stories\data\data_sources\stories_api.dart
DA:13,1
DA:16,1
DA:18,2
DA:19,1
DA:20,1
DA:24,1
DA:25,0
DA:26,0
DA:28,0
DA:30,1
DA:33,0
LF:11
LH:7
end_of_record
SF:lib\src\features\ny_times_stories\domain\usecases\stories_usecase.dart
DA:10,0
DA:12,0
DA:14,0
DA:15,0
DA:16,0
DA:17,0
DA:18,0
DA:26,2
LF:8
LH:1
end_of_record
SF:lib\src\core\network\error\dio_error_handler.dart
DA:3,0
DA:6,0
DA:7,0
DA:10,0
DA:13,0
DA:16,0
DA:19,0
DA:22,0
DA:23,0
DA:25,0
DA:29,0
DA:30,0
DA:31,0
DA:32,0
DA:33,0
DA:34,0
DA:36,0
DA:37,0
DA:39,0
DA:40,0
DA:41,0
DA:43,0
DA:44,0
DA:46,0
DA:47,0
DA:48,0
DA:50,0
DA:52,0
DA:53,0
DA:55,0
DA:57,0
DA:58,0
DA:59,0
DA:60,0
DA:62,0
DA:63,0
DA:66,0
DA:75,0
DA:78,0
DA:81,0
DA:84,0
LF:41
LH:0
end_of_record
SF:lib\src\core\network\error\failures.dart
DA:6,0
DA:8,0
DA:9,0
DA:16,0
DA:17,0
DA:26,0
DA:27,0
LF:7
LH:0
end_of_record
SF:lib\src\core\util\constant\network_constant.dart
DA:4,0
DA:5,0
LF:2
LH:0
end_of_record
SF:lib\src\features\ny_times_stories\data\entities\multi_media_model.dart
DA:7,0
DA:27,0
DA:29,0
DA:31,0
DA:32,0
LF:5
LH:0
end_of_record
SF:lib\src\features\ny_times_stories\data\entities\multi_media_model.g.dart
DA:9,0
DA:10,0
DA:11,0
DA:12,0
DA:13,0
DA:14,0
DA:15,0
DA:16,0
DA:17,0
DA:18,0
DA:21,0
DA:22,0
DA:23,0
DA:24,0
DA:25,0
DA:26,0
DA:27,0
DA:28,0
DA:29,0
DA:30,0
LF:20
LH:0
end_of_record
SF:lib\src\features\ny_times_stories\data\repositories\stories_repo_empl.dart
DA:12,1
DA:14,1
DA:18,3
DA:19,3
DA:20,0
DA:21,0
DA:22,0
DA:23,0
LF:8
LH:4
end_of_record
